0 info it worked if it ends with ok
1 verbose cli [ '/usr/local/bin/node', '/usr/local/bin/npm', 'run', 'build' ]
2 info using npm@3.7.3
3 info using node@v5.9.0
4 verbose run-script [ 'prebuild', 'build', 'postbuild' ]
5 info lifecycle angular2-seed@0.2.0~prebuild: angular2-seed@0.2.0
6 verbose lifecycle angular2-seed@0.2.0~prebuild: unsafe-perm in lifecycle true
7 verbose lifecycle angular2-seed@0.2.0~prebuild: PATH: /usr/local/lib/node_modules/npm/bin/node-gyp-bin:/Users/Miro/Code/angular2-seed/node_modules/.bin:/usr/local/bin:/usr/local/bin:/usr/bin:/bin:/usr/sbin:/sbin:/usr/local/git/bin
8 verbose lifecycle angular2-seed@0.2.0~prebuild: CWD: /Users/Miro/Code/angular2-seed
9 silly lifecycle angular2-seed@0.2.0~prebuild: Args: [ '-c', 'npm install && npm run clean' ]
10 silly lifecycle angular2-seed@0.2.0~prebuild: Returned: code: 0  signal: null
11 info lifecycle angular2-seed@0.2.0~build: angular2-seed@0.2.0
12 verbose lifecycle angular2-seed@0.2.0~build: unsafe-perm in lifecycle true
13 verbose lifecycle angular2-seed@0.2.0~build: PATH: /usr/local/lib/node_modules/npm/bin/node-gyp-bin:/Users/Miro/Code/angular2-seed/node_modules/.bin:/usr/local/bin:/usr/local/bin:/usr/bin:/bin:/usr/sbin:/sbin:/usr/local/git/bin
14 verbose lifecycle angular2-seed@0.2.0~build: CWD: /Users/Miro/Code/angular2-seed
15 silly lifecycle angular2-seed@0.2.0~build: Args: [ '-c', 'npm run build:app' ]
16 silly lifecycle angular2-seed@0.2.0~build: Returned: code: 1  signal: null
17 info lifecycle angular2-seed@0.2.0~build: Failed to exec build script
18 verbose stack Error: angular2-seed@0.2.0 build: `npm run build:app`
18 verbose stack Exit status 1
18 verbose stack     at EventEmitter.<anonymous> (/usr/local/lib/node_modules/npm/lib/utils/lifecycle.js:239:16)
18 verbose stack     at emitTwo (events.js:100:13)
18 verbose stack     at EventEmitter.emit (events.js:185:7)
18 verbose stack     at ChildProcess.<anonymous> (/usr/local/lib/node_modules/npm/lib/utils/spawn.js:24:14)
18 verbose stack     at emitTwo (events.js:100:13)
18 verbose stack     at ChildProcess.emit (events.js:185:7)
18 verbose stack     at maybeClose (internal/child_process.js:850:16)
18 verbose stack     at Process.ChildProcess._handle.onexit (internal/child_process.js:215:5)
19 verbose pkgid angular2-seed@0.2.0
20 verbose cwd /Users/Miro/Code/angular2-seed
21 error Darwin 16.1.0
22 error argv "/usr/local/bin/node" "/usr/local/bin/npm" "run" "build"
23 error node v5.9.0
24 error npm  v3.7.3
25 error code ELIFECYCLE
26 error angular2-seed@0.2.0 build: `npm run build:app`
26 error Exit status 1
27 error Failed at the angular2-seed@0.2.0 build script 'npm run build:app'.
27 error Make sure you have the latest version of node.js and npm installed.
27 error If you do, this is most likely a problem with the angular2-seed package,
27 error not with npm itself.
27 error Tell the author that this fails on your system:
27 error     npm run build:app
27 error You can get information on how to open an issue for this project with:
27 error     npm bugs angular2-seed
27 error Or if that isn't available, you can get their info via:
27 error     npm owner ls angular2-seed
27 error There is likely additional logging output above.
28 verbose exit [ 1, true ]
